<?xml version="1.0" encoding="UTF-8"?>
<!-- Generated by org.testng.reporters.JUnitReportReporter -->
<testsuite skipped="0" hostname="DESKTOP-BQRCULL" name="Org.testngDemo.ParameterDemo" tests="2" failures="0" timestamp="18 Mar 2021 09:44:39 GMT" time="44.620" errors="0">
  <testcase name="TC" time="23.333" classname="Org.testngDemo.ParameterDemo"/>
  <testcase name="TC" time="21.287" classname="Org.testngDemo.ParameterDemo"/>
</testsuite> <!-- Org.testngDemo.ParameterDemo -->
