<?xml version="1.0" encoding="UTF-8"?>
<!-- Generated by org.testng.reporters.JUnitReportReporter -->
<testsuite skipped="0" hostname="DESKTOP-BQRCULL" name="Org.testngDemo.Actitme" tests="1" failures="0" timestamp="17 Mar 2021 08:45:28 GMT" time="19.875" errors="0">
  <testcase name="Tc_01" time="19.875" classname="Org.testngDemo.Actitme"/>
</testsuite> <!-- Org.testngDemo.Actitme -->
