<?xml version="1.0" encoding="UTF-8"?>
<!-- Generated by org.testng.reporters.JUnitReportReporter -->
<testsuite skipped="0" hostname="DESKTOP-BQRCULL" name="Org.testngDemo.DataProviderDemo" tests="3" failures="0" timestamp="18 Mar 2021 10:05:57 GMT" time="0.000" errors="0">
  <testcase name="Tc" time="0.000" classname="Org.testngDemo.DataProviderDemo"/>
  <testcase name="Tc" time="0.000" classname="Org.testngDemo.DataProviderDemo"/>
  <testcase name="Tc" time="0.000" classname="Org.testngDemo.DataProviderDemo"/>
</testsuite> <!-- Org.testngDemo.DataProviderDemo -->
