<?xml version="1.0" encoding="UTF-8"?>
<!-- Generated by org.testng.reporters.JUnitReportReporter -->
<testsuite skipped="0" hostname="DESKTOP-BQRCULL" name="Org.testngDemo.Parallel1" tests="1" failures="0" timestamp="17 Mar 2021 10:30:46 GMT" time="14.754" errors="0">
  <testcase name="Tcp1" time="14.754" classname="Org.testngDemo.Parallel1"/>
</testsuite> <!-- Org.testngDemo.Parallel1 -->
