<?xml version="1.0" encoding="UTF-8"?>
<!-- Generated by org.testng.reporters.JUnitReportReporter -->
<testsuite skipped="0" hostname="DESKTOP-BQRCULL" name="Org.testngDemo.Parallel2" tests="1" failures="0" timestamp="17 Mar 2021 10:30:46 GMT" time="33.909" errors="0">
  <testcase name="Tcp2" time="33.909" classname="Org.testngDemo.Parallel2"/>
</testsuite> <!-- Org.testngDemo.Parallel2 -->
