<?xml version="1.0" encoding="UTF-8"?>
<!-- Generated by org.testng.reporters.JUnitReportReporter -->
<testsuite skipped="0" hostname="DESKTOP-BQRCULL" name="Org.testngDemo.ParallelTestDemo" tests="2" failures="0" timestamp="17 Mar 2021 10:13:31 GMT" time="26.305" errors="0">
  <testcase name="TC1" time="8.731" classname="Org.testngDemo.ParallelTestDemo"/>
  <testcase name="TC2" time="17.574" classname="Org.testngDemo.ParallelTestDemo"/>
</testsuite> <!-- Org.testngDemo.ParallelTestDemo -->
