<?xml version="1.0" encoding="UTF-8"?>
<!-- Generated by org.testng.reporters.JUnitReportReporter -->
<testsuite skipped="0" hostname="DESKTOP-BQRCULL" name="Org.DemoTestng.Demo2" tests="3" failures="0" timestamp="15 Mar 2021 10:24:27 GMT" time="35.250" errors="0">
  <testcase name="TC" time="8.179" classname="Org.DemoTestng.Demo2"/>
  <testcase name="TC" time="10.354" classname="Org.DemoTestng.Demo2"/>
  <testcase name="TC" time="16.717" classname="Org.DemoTestng.Demo2"/>
</testsuite> <!-- Org.DemoTestng.Demo2 -->
